2023-07-19 19:42:51,812 - root - INFO - testing logs
2023-07-19 19:42:52,348 - root - INFO - testing logs
2023-07-19 19:42:52,781 - root - INFO - testing logs
07/19/2023 07:49:43 PM - smbirchcom - INFO - testing logs
07/19/2023 07:49:44 PM - smbirchcom - INFO - testing logs
07/19/2023 07:49:44 PM - smbirchcom - INFO - testing logs
07/19/2023 07:53:12 PM - smbirchcom - INFO - testing logs -- 127.0.0.1
07/19/2023 07:53:12 PM - smbirchcom - INFO - testing logs -- 127.0.0.1
07/19/2023 07:53:13 PM - smbirchcom - INFO - testing logs -- 127.0.0.1
07/21/2023 09:54:52 PM - smbirchcom - INFO - homepage : 127.0.0.1
07/21/2023 09:56:46 PM - smbirchcom - INFO - homepage : 127.0.0.1
07/21/2023 09:57:27 PM - smbirchcom - INFO - homepage : 127.0.0.1
07/21/2023 09:57:30 PM - smbirchcom - INFO - homepage : 127.0.0.1
07/21/2023 09:57:31 PM - smbirchcom - INFO - homepage : 127.0.0.1
07/21/2023 10:01:17 PM - smbirchcom - INFO - /homepage : 127.0.0.1
07/21/2023 10:02:52 PM - smbirchcom - INFO - /homepage : 127.0.0.1
07/21/2023 10:02:52 PM - app - ERROR - Exception on / [GET]
Traceback (most recent call last):
  File "/Users/spencerbirch/.local/share/virtualenvs/smbirch-fgfTz0OC/lib/python3.11/site-packages/flask/app.py", line 2190, in wsgi_app
    response = self.full_dispatch_request()
               ^^^^^^^^^^^^^^^^^^^^^^^^^^^^
  File "/Users/spencerbirch/.local/share/virtualenvs/smbirch-fgfTz0OC/lib/python3.11/site-packages/flask/app.py", line 1486, in full_dispatch_request
    rv = self.handle_user_exception(e)
         ^^^^^^^^^^^^^^^^^^^^^^^^^^^^^
  File "/Users/spencerbirch/.local/share/virtualenvs/smbirch-fgfTz0OC/lib/python3.11/site-packages/flask/app.py", line 1484, in full_dispatch_request
    rv = self.dispatch_request()
         ^^^^^^^^^^^^^^^^^^^^^^^
  File "/Users/spencerbirch/.local/share/virtualenvs/smbirch-fgfTz0OC/lib/python3.11/site-packages/flask/app.py", line 1469, in dispatch_request
    return self.ensure_sync(self.view_functions[rule.endpoint])(**view_args)
           ^^^^^^^^^^^^^^^^^^^^^^^^^^^^^^^^^^^^^^^^^^^^^^^^^^^^^^^^^^^^^^^^^
  File "/Users/spencerbirch/Documents/Code/Python/smbirch/app.py", line 19, in index
    return render_template("index.html")
           ^^^^^^^^^^^^^^^^^^^^^^^^^^^^^
  File "/Users/spencerbirch/.local/share/virtualenvs/smbirch-fgfTz0OC/lib/python3.11/site-packages/flask/templating.py", line 151, in render_template
    return _render(app, template, context)
           ^^^^^^^^^^^^^^^^^^^^^^^^^^^^^^^
  File "/Users/spencerbirch/.local/share/virtualenvs/smbirch-fgfTz0OC/lib/python3.11/site-packages/flask/templating.py", line 132, in _render
    rv = template.render(context)
         ^^^^^^^^^^^^^^^^^^^^^^^^
  File "/Users/spencerbirch/.local/share/virtualenvs/smbirch-fgfTz0OC/lib/python3.11/site-packages/jinja2/environment.py", line 1301, in render
    self.environment.handle_exception()
  File "/Users/spencerbirch/.local/share/virtualenvs/smbirch-fgfTz0OC/lib/python3.11/site-packages/jinja2/environment.py", line 936, in handle_exception
    raise rewrite_traceback_stack(source=source)
  File "/Users/spencerbirch/Documents/Code/Python/smbirch/templates/index.html", line 1, in top-level template code
    {% extends 'base.html' %} {% block content %}
    ^^^^^^^^^^^^^^^^^^^^^^^^^
  File "/Users/spencerbirch/Documents/Code/Python/smbirch/templates/base.html", line 24, in top-level template code
    {% block content %} {% endblock %}
    ^^^^^^^^^^^^^^^^^^^^^^^^^
  File "/Users/spencerbirch/Documents/Code/Python/smbirch/templates/index.html", line 5, in block 'content'
    <a href="{{url_for('/about')}}" class="contact-link-top">About</a>
    ^^^^^^^^^^^^^^^^^^^^^^^^^
  File "/Users/spencerbirch/.local/share/virtualenvs/smbirch-fgfTz0OC/lib/python3.11/site-packages/flask/app.py", line 1697, in url_for
    return self.handle_url_build_error(error, endpoint, values)
           ^^^^^^^^^^^^^^^^^^^^^^^^^^^^^^^^^^^^^^^^^^^^^^^^^^^^
  File "/Users/spencerbirch/.local/share/virtualenvs/smbirch-fgfTz0OC/lib/python3.11/site-packages/flask/app.py", line 1686, in url_for
    rv = url_adapter.build(  # type: ignore[union-attr]
         ^^^^^^^^^^^^^^^^^^^^^^^^^^^^^^^^^^^^^^^^^^^^^^
  File "/Users/spencerbirch/.local/share/virtualenvs/smbirch-fgfTz0OC/lib/python3.11/site-packages/werkzeug/routing/map.py", line 950, in build
    raise BuildError(endpoint, values, method, self)
werkzeug.routing.exceptions.BuildError: Could not build url for endpoint '/about'. Did you mean 'about' instead?
07/21/2023 10:02:55 PM - smbirchcom - INFO - /homepage : 127.0.0.1
07/21/2023 10:02:55 PM - app - ERROR - Exception on / [GET]
Traceback (most recent call last):
  File "/Users/spencerbirch/.local/share/virtualenvs/smbirch-fgfTz0OC/lib/python3.11/site-packages/flask/app.py", line 2190, in wsgi_app
    response = self.full_dispatch_request()
               ^^^^^^^^^^^^^^^^^^^^^^^^^^^^
  File "/Users/spencerbirch/.local/share/virtualenvs/smbirch-fgfTz0OC/lib/python3.11/site-packages/flask/app.py", line 1486, in full_dispatch_request
    rv = self.handle_user_exception(e)
         ^^^^^^^^^^^^^^^^^^^^^^^^^^^^^
  File "/Users/spencerbirch/.local/share/virtualenvs/smbirch-fgfTz0OC/lib/python3.11/site-packages/flask/app.py", line 1484, in full_dispatch_request
    rv = self.dispatch_request()
         ^^^^^^^^^^^^^^^^^^^^^^^
  File "/Users/spencerbirch/.local/share/virtualenvs/smbirch-fgfTz0OC/lib/python3.11/site-packages/flask/app.py", line 1469, in dispatch_request
    return self.ensure_sync(self.view_functions[rule.endpoint])(**view_args)
           ^^^^^^^^^^^^^^^^^^^^^^^^^^^^^^^^^^^^^^^^^^^^^^^^^^^^^^^^^^^^^^^^^
  File "/Users/spencerbirch/Documents/Code/Python/smbirch/app.py", line 19, in index
    return render_template("index.html")
           ^^^^^^^^^^^^^^^^^^^^^^^^^^^^^
  File "/Users/spencerbirch/.local/share/virtualenvs/smbirch-fgfTz0OC/lib/python3.11/site-packages/flask/templating.py", line 151, in render_template
    return _render(app, template, context)
           ^^^^^^^^^^^^^^^^^^^^^^^^^^^^^^^
  File "/Users/spencerbirch/.local/share/virtualenvs/smbirch-fgfTz0OC/lib/python3.11/site-packages/flask/templating.py", line 132, in _render
    rv = template.render(context)
         ^^^^^^^^^^^^^^^^^^^^^^^^
  File "/Users/spencerbirch/.local/share/virtualenvs/smbirch-fgfTz0OC/lib/python3.11/site-packages/jinja2/environment.py", line 1301, in render
    self.environment.handle_exception()
  File "/Users/spencerbirch/.local/share/virtualenvs/smbirch-fgfTz0OC/lib/python3.11/site-packages/jinja2/environment.py", line 936, in handle_exception
    raise rewrite_traceback_stack(source=source)
  File "/Users/spencerbirch/Documents/Code/Python/smbirch/templates/index.html", line 1, in top-level template code
    {% extends 'base.html' %} {% block content %}
    ^^^^^^^^^^^^^^^^^^^^^^^^^
  File "/Users/spencerbirch/Documents/Code/Python/smbirch/templates/base.html", line 24, in top-level template code
    {% block content %} {% endblock %}
    ^^^^^^^^^^^^^^^^^^^^^^^^^
  File "/Users/spencerbirch/Documents/Code/Python/smbirch/templates/index.html", line 5, in block 'content'
    <a href="{{url_for('/about')}}" class="contact-link-top">About</a>
    ^^^^^^^^^^^^^^^^^^^^^^^^^
  File "/Users/spencerbirch/.local/share/virtualenvs/smbirch-fgfTz0OC/lib/python3.11/site-packages/flask/app.py", line 1697, in url_for
    return self.handle_url_build_error(error, endpoint, values)
           ^^^^^^^^^^^^^^^^^^^^^^^^^^^^^^^^^^^^^^^^^^^^^^^^^^^^
  File "/Users/spencerbirch/.local/share/virtualenvs/smbirch-fgfTz0OC/lib/python3.11/site-packages/flask/app.py", line 1686, in url_for
    rv = url_adapter.build(  # type: ignore[union-attr]
         ^^^^^^^^^^^^^^^^^^^^^^^^^^^^^^^^^^^^^^^^^^^^^^
  File "/Users/spencerbirch/.local/share/virtualenvs/smbirch-fgfTz0OC/lib/python3.11/site-packages/werkzeug/routing/map.py", line 950, in build
    raise BuildError(endpoint, values, method, self)
werkzeug.routing.exceptions.BuildError: Could not build url for endpoint '/about'. Did you mean 'about' instead?
07/21/2023 10:03:57 PM - smbirchcom - INFO - /homepage : 127.0.0.1
07/21/2023 10:03:57 PM - app - ERROR - Exception on / [GET]
Traceback (most recent call last):
  File "/Users/spencerbirch/.local/share/virtualenvs/smbirch-fgfTz0OC/lib/python3.11/site-packages/flask/app.py", line 2190, in wsgi_app
    response = self.full_dispatch_request()
               ^^^^^^^^^^^^^^^^^^^^^^^^^^^^
  File "/Users/spencerbirch/.local/share/virtualenvs/smbirch-fgfTz0OC/lib/python3.11/site-packages/flask/app.py", line 1486, in full_dispatch_request
    rv = self.handle_user_exception(e)
         ^^^^^^^^^^^^^^^^^^^^^^^^^^^^^
  File "/Users/spencerbirch/.local/share/virtualenvs/smbirch-fgfTz0OC/lib/python3.11/site-packages/flask/app.py", line 1484, in full_dispatch_request
    rv = self.dispatch_request()
         ^^^^^^^^^^^^^^^^^^^^^^^
  File "/Users/spencerbirch/.local/share/virtualenvs/smbirch-fgfTz0OC/lib/python3.11/site-packages/flask/app.py", line 1469, in dispatch_request
    return self.ensure_sync(self.view_functions[rule.endpoint])(**view_args)
           ^^^^^^^^^^^^^^^^^^^^^^^^^^^^^^^^^^^^^^^^^^^^^^^^^^^^^^^^^^^^^^^^^
  File "/Users/spencerbirch/Documents/Code/Python/smbirch/app.py", line 19, in index
    return render_template("index.html")
           ^^^^^^^^^^^^^^^^^^^^^^^^^^^^^
  File "/Users/spencerbirch/.local/share/virtualenvs/smbirch-fgfTz0OC/lib/python3.11/site-packages/flask/templating.py", line 151, in render_template
    return _render(app, template, context)
           ^^^^^^^^^^^^^^^^^^^^^^^^^^^^^^^
  File "/Users/spencerbirch/.local/share/virtualenvs/smbirch-fgfTz0OC/lib/python3.11/site-packages/flask/templating.py", line 132, in _render
    rv = template.render(context)
         ^^^^^^^^^^^^^^^^^^^^^^^^
  File "/Users/spencerbirch/.local/share/virtualenvs/smbirch-fgfTz0OC/lib/python3.11/site-packages/jinja2/environment.py", line 1301, in render
    self.environment.handle_exception()
  File "/Users/spencerbirch/.local/share/virtualenvs/smbirch-fgfTz0OC/lib/python3.11/site-packages/jinja2/environment.py", line 936, in handle_exception
    raise rewrite_traceback_stack(source=source)
  File "/Users/spencerbirch/Documents/Code/Python/smbirch/templates/index.html", line 1, in top-level template code
    {% extends 'base.html' %} {% block content %}
    ^^^^^^^^^^^^^^^^^^^^^^^^^
  File "/Users/spencerbirch/Documents/Code/Python/smbirch/templates/base.html", line 24, in top-level template code
    {% block content %} {% endblock %}
    ^^^^^^^^^^^^^^^^^^^^^^^^^
  File "/Users/spencerbirch/Documents/Code/Python/smbirch/templates/index.html", line 5, in block 'content'
    <a href="{{url_for('/about')}}" class="contact-link-top">About</a>
    ^^^^^^^^^^^^^^^^^^^^^^^^^
  File "/Users/spencerbirch/.local/share/virtualenvs/smbirch-fgfTz0OC/lib/python3.11/site-packages/flask/app.py", line 1697, in url_for
    return self.handle_url_build_error(error, endpoint, values)
           ^^^^^^^^^^^^^^^^^^^^^^^^^^^^^^^^^^^^^^^^^^^^^^^^^^^^
  File "/Users/spencerbirch/.local/share/virtualenvs/smbirch-fgfTz0OC/lib/python3.11/site-packages/flask/app.py", line 1686, in url_for
    rv = url_adapter.build(  # type: ignore[union-attr]
         ^^^^^^^^^^^^^^^^^^^^^^^^^^^^^^^^^^^^^^^^^^^^^^
  File "/Users/spencerbirch/.local/share/virtualenvs/smbirch-fgfTz0OC/lib/python3.11/site-packages/werkzeug/routing/map.py", line 950, in build
    raise BuildError(endpoint, values, method, self)
werkzeug.routing.exceptions.BuildError: Could not build url for endpoint '/about'. Did you mean 'about' instead?
07/21/2023 10:03:59 PM - smbirchcom - INFO - /homepage : 127.0.0.1
07/21/2023 10:03:59 PM - app - ERROR - Exception on / [GET]
Traceback (most recent call last):
  File "/Users/spencerbirch/.local/share/virtualenvs/smbirch-fgfTz0OC/lib/python3.11/site-packages/flask/app.py", line 2190, in wsgi_app
    response = self.full_dispatch_request()
               ^^^^^^^^^^^^^^^^^^^^^^^^^^^^
  File "/Users/spencerbirch/.local/share/virtualenvs/smbirch-fgfTz0OC/lib/python3.11/site-packages/flask/app.py", line 1486, in full_dispatch_request
    rv = self.handle_user_exception(e)
         ^^^^^^^^^^^^^^^^^^^^^^^^^^^^^
  File "/Users/spencerbirch/.local/share/virtualenvs/smbirch-fgfTz0OC/lib/python3.11/site-packages/flask/app.py", line 1484, in full_dispatch_request
    rv = self.dispatch_request()
         ^^^^^^^^^^^^^^^^^^^^^^^
  File "/Users/spencerbirch/.local/share/virtualenvs/smbirch-fgfTz0OC/lib/python3.11/site-packages/flask/app.py", line 1469, in dispatch_request
    return self.ensure_sync(self.view_functions[rule.endpoint])(**view_args)
           ^^^^^^^^^^^^^^^^^^^^^^^^^^^^^^^^^^^^^^^^^^^^^^^^^^^^^^^^^^^^^^^^^
  File "/Users/spencerbirch/Documents/Code/Python/smbirch/app.py", line 19, in index
    return render_template("index.html")
           ^^^^^^^^^^^^^^^^^^^^^^^^^^^^^
  File "/Users/spencerbirch/.local/share/virtualenvs/smbirch-fgfTz0OC/lib/python3.11/site-packages/flask/templating.py", line 151, in render_template
    return _render(app, template, context)
           ^^^^^^^^^^^^^^^^^^^^^^^^^^^^^^^
  File "/Users/spencerbirch/.local/share/virtualenvs/smbirch-fgfTz0OC/lib/python3.11/site-packages/flask/templating.py", line 132, in _render
    rv = template.render(context)
         ^^^^^^^^^^^^^^^^^^^^^^^^
  File "/Users/spencerbirch/.local/share/virtualenvs/smbirch-fgfTz0OC/lib/python3.11/site-packages/jinja2/environment.py", line 1301, in render
    self.environment.handle_exception()
  File "/Users/spencerbirch/.local/share/virtualenvs/smbirch-fgfTz0OC/lib/python3.11/site-packages/jinja2/environment.py", line 936, in handle_exception
    raise rewrite_traceback_stack(source=source)
  File "/Users/spencerbirch/Documents/Code/Python/smbirch/templates/index.html", line 1, in top-level template code
    {% extends 'base.html' %} {% block content %}
    ^^^^^^^^^^^^^^^^^^^^^^^^^
  File "/Users/spencerbirch/Documents/Code/Python/smbirch/templates/base.html", line 24, in top-level template code
    {% block content %} {% endblock %}
    ^^^^^^^^^^^^^^^^^^^^^^^^^
  File "/Users/spencerbirch/Documents/Code/Python/smbirch/templates/index.html", line 5, in block 'content'
    <a href="{{url_for('/about')}}" class="contact-link-top">About</a>
    ^^^^^^^^^^^^^^^^^^^^^^^^^
  File "/Users/spencerbirch/.local/share/virtualenvs/smbirch-fgfTz0OC/lib/python3.11/site-packages/flask/app.py", line 1697, in url_for
    return self.handle_url_build_error(error, endpoint, values)
           ^^^^^^^^^^^^^^^^^^^^^^^^^^^^^^^^^^^^^^^^^^^^^^^^^^^^
  File "/Users/spencerbirch/.local/share/virtualenvs/smbirch-fgfTz0OC/lib/python3.11/site-packages/flask/app.py", line 1686, in url_for
    rv = url_adapter.build(  # type: ignore[union-attr]
         ^^^^^^^^^^^^^^^^^^^^^^^^^^^^^^^^^^^^^^^^^^^^^^
  File "/Users/spencerbirch/.local/share/virtualenvs/smbirch-fgfTz0OC/lib/python3.11/site-packages/werkzeug/routing/map.py", line 950, in build
    raise BuildError(endpoint, values, method, self)
werkzeug.routing.exceptions.BuildError: Could not build url for endpoint '/about'. Did you mean 'about' instead?
07/21/2023 10:04:29 PM - smbirchcom - INFO - /homepage : 127.0.0.1
07/21/2023 10:04:32 PM - smbirchcom - INFO - /about : 127.0.0.1
07/21/2023 10:04:34 PM - smbirchcom - INFO - /homepage : 127.0.0.1
07/21/2023 10:13:32 PM - smbirchcom - INFO - /about : 127.0.0.1
07/21/2023 10:13:59 PM - smbirchcom - INFO - /about : 127.0.0.1
07/21/2023 10:14:19 PM - smbirchcom - INFO - /about : 127.0.0.1
07/21/2023 10:16:24 PM - smbirchcom - INFO - /about : 127.0.0.1
07/21/2023 10:18:11 PM - smbirchcom - INFO - /about : 127.0.0.1
07/21/2023 10:20:19 PM - smbirchcom - INFO - /about : 127.0.0.1
07/21/2023 10:21:50 PM - smbirchcom - INFO - /about : 127.0.0.1
07/21/2023 10:21:55 PM - smbirchcom - INFO - /about : 127.0.0.1
07/21/2023 10:27:27 PM - smbirchcom - INFO - /about : 127.0.0.1
07/21/2023 10:27:41 PM - smbirchcom - INFO - /about : 127.0.0.1
07/21/2023 10:27:52 PM - smbirchcom - INFO - /about : 127.0.0.1
07/21/2023 10:28:20 PM - smbirchcom - INFO - /about : 127.0.0.1
07/21/2023 10:28:57 PM - smbirchcom - INFO - /about : 127.0.0.1
07/21/2023 10:29:05 PM - smbirchcom - INFO - /homepage : 127.0.0.1
07/21/2023 10:29:07 PM - smbirchcom - INFO - /about : 127.0.0.1
07/21/2023 10:29:34 PM - smbirchcom - INFO - /about : 127.0.0.1
07/21/2023 10:29:50 PM - smbirchcom - INFO - /about : 127.0.0.1
07/21/2023 10:32:08 PM - smbirchcom - INFO - /about : 127.0.0.1
07/21/2023 10:38:05 PM - smbirchcom - INFO - /about : 127.0.0.1
07/21/2023 10:41:15 PM - smbirchcom - INFO - /about : 127.0.0.1
07/21/2023 10:42:20 PM - smbirchcom - INFO - /about : 127.0.0.1
07/21/2023 10:45:21 PM - smbirchcom - INFO - /about : 127.0.0.1
07/21/2023 10:46:06 PM - smbirchcom - INFO - /about : 127.0.0.1
07/21/2023 10:47:51 PM - smbirchcom - INFO - /about : 127.0.0.1
